mktextfm pplr8t
mktextfm phvr8t
mktextfm phvr8t
mktextfm phvb8t
mktextfm nullfont
mktextfm pplr8t
mktextfm pplb8t
mktextfm nullfont
mktextfm pplr8t
mktextfm pplb8t
mktextfm nullfont
mktextfm phvr8t
mktextfm phvr8t
mktextfm phvr8t
mktextfm phvb8t
mktextfm nullfont
mktextfm pplr7t
mktextfm pplr7t
mktextfm pplr7t
mktextfm zplmr7m
mktextfm zplmr7m
mktextfm zplmr7m
mktextfm zplmr7y
mktextfm zplmr7y
mktextfm zplmr7y
mktextfm zplmr7v
mktextfm zplmr7v
mktextfm zplmr7v
mktextfm zplmr7t
mktextfm zplmr7t
mktextfm zplmr7t
mktextfm zplmb7t
mktextfm zplmb7t
mktextfm zplmb7t
mktextfm phvr8t
mktextfm pplr8t
mktextfm pplrc8t
mktextfm phvro8t
mktextfm nullfont
mktextfm phvr8t
mktextfm phvb8t
mktextfm nullfont
mktextfm phvb8t
mktextfm nullfont
mktextfm pplb8t
mktextfm nullfont
mktextfm pplr8t
mktextfm phvr8t
mktextfm phvr8t
mktextfm phvb8t
mktextfm nullfont
mktextfm pplr8t
mktextfm pplr8t
mktextfm pplr8t
mktextfm pplr8t
mktextfm phvr8t
mktextfm phvr8t
mktextfm phvb8t
mktextfm nullfont
mktextfm pplr8t
mktextfm pplb8t
mktextfm nullfont
mktextfm pplr8t
mktextfm pplr8t
mktextfm pplr8t
mktextfm phvr8t
mktextfm phvr8t
mktextfm phvb8t
mktextfm nullfont
mktextfm pplr8t
mktextfm pplb8t
mktextfm nullfont
mktextfm pplr8t
mktextfm pplb8t
mktextfm nullfont
mktextfm phvr8t
mktextfm phvr8t
mktextfm phvr8t
mktextfm phvb8t
mktextfm nullfont
mktextfm pplr7t
mktextfm pplr7t
mktextfm pplr7t
mktextfm zplmr7m
mktextfm zplmr7m
mktextfm zplmr7m
mktextfm pplr8t
mktextfm pplr8t
mktextfm phvr8t
mktextfm phvr8t
mktextfm phvb8t
mktextfm nullfont
mktextfm pplr8t
mktextfm pplb8t
mktextfm nullfont
mktextfm pplr8t
mktextfm pplb8t
mktextfm nullfont
mktextfm phvr8t
mktextfm phvr8t
mktextfm phvr8t
mktextfm phvb8t
mktextfm nullfont
mktextfm pplr7t
mktextfm pplr7t
mktextfm pplr7t
mktextfm zplmr7m
mktextfm zplmr7m
mktextfm zplmr7m
mktextfm zplmr7y
mktextfm zplmr7y
mktextfm zplmr7y
mktextfm zplmr7v
mktextfm zplmr7v
mktextfm pplr8t
mktextfm pplr8t
mktextfm phvr8t
mktextfm phvr8t
mktextfm phvb8t
mktextfm nullfont
mktextfm pncr8t
mktextfm pncr8t
mktextfm phvr8t
mktextfm phvb8t
mktextfm nullfont
mktextfm pncr8t
mktextfm pncr8t
mktextfm pncr8t
mktextfm pncr8t
mktextfm pplr8t
mktextfm phvr8t
mktextfm phvr8t
mktextfm phvb8t
mktextfm nullfont
mktextfm pplr8t
mktextfm pplb8t
mktextfm nullfont
mktextfm pplr8t
mktextfm pplb8t
mktextfm nullfont
mktextfm phvr8t
mktextfm phvr8t
mktextfm phvr8t
mktextfm phvb8t
mktextfm nullfont
mktextfm pplr7t
mktextfm pplr7t
mktextfm pplr7t
mktextfm zplmr7m
mktextfm zplmr7m
mktextfm zplmr7m
mktextfm zplmr7y
mktextfm zplmr7y
mktextfm zplmr7y
mktextfm zplmr7v
mktextfm zplmr7v
mktextfm zplmr7v
mktextfm zplmr7t
mktextfm zplmr7t
mktextfm zplmr7t
mktextfm zplmb7t
mktextfm zplmb7t
mktextfm zplmb7t
mktextfm phvr8t
mktextfm pplr8t
mktextfm pplrc8t
mktextfm phvro8t
mktextfm nullfont
mktextfm phvr8t
mktextfm phvb8t
mktextfm nullfont
mktextfm phvb8t
mktextfm pplr8t
mktextfm phvr8t
mktextfm phvr8t
mktextfm phvb8t
mktextfm nullfont
mktextfm pplr8t
mktextfm pplb8t
mktextfm pplr8t
mktextfm pplr8t
mktextfm pplr8t
